2013-11-13 23:54:17 Error: [MissingControllerException] Controller class MenuCategoiesController could not be found.
Exception Attributes: array (
  'class' => 'MenuCategoiesController',
  'plugin' => NULL,
)
Request URL: /Salvatores/menu_categoies
Stack Trace:
#0 C:\xampp\htdocs\Salvatores\webroot\index.php(110): Dispatcher->dispatch(Object(CakeRequest), Object(CakeResponse))
#1 {main}
2013-11-20 15:23:59 Error: [MissingActionException] Action MenuCategoriesController::home3() could not be found.
Exception Attributes: array (
  'controller' => 'MenuCategoriesController',
  'action' => 'home3',
)
Request URL: /Salvatores/menu_categories/home3
Stack Trace:
#0 C:\cake\cakephp-cake2.4\lib\Cake\Routing\Dispatcher.php(187): Controller->invokeAction(Object(CakeRequest))
#1 C:\cake\cakephp-cake2.4\lib\Cake\Routing\Dispatcher.php(162): Dispatcher->_invoke(Object(MenuCategoriesController), Object(CakeRequest), Object(CakeResponse))
#2 C:\xampp\htdocs\Salvatores\webroot\index.php(110): Dispatcher->dispatch(Object(CakeRequest), Object(CakeResponse))
#3 {main}
2013-11-20 15:24:03 Error: [PDOException] SQLSTATE[23000]: Integrity constraint violation: 1052 Column 'parent_id' in where clause is ambiguous
Request URL: /Salvatores/menu_categories/home
Stack Trace:
#0 C:\cake\cakephp-cake2.4\lib\Cake\Model\Datasource\DboSource.php(460): PDOStatement->execute(Array)
#1 C:\cake\cakephp-cake2.4\lib\Cake\Model\Datasource\DboSource.php(426): DboSource->_execute('SELECT `MenuCat...', Array)
#2 C:\cake\cakephp-cake2.4\lib\Cake\Model\Datasource\DboSource.php(666): DboSource->execute('SELECT `MenuCat...', Array, Array)
#3 C:\cake\cakephp-cake2.4\lib\Cake\Model\Datasource\DboSource.php(1077): DboSource->fetchAll('SELECT `MenuCat...', false)
#4 C:\cake\cakephp-cake2.4\lib\Cake\Model\Model.php(2750): DboSource->read(Object(MenuCategory), Array)
#5 C:\cake\cakephp-cake2.4\lib\Cake\Model\Model.php(2722): Model->_readDataSource('all', Array)
#6 C:\xampp\htdocs\Salvatores\Controller\MenuCategoriesController.php(20): Model->find('all', Array)
#7 [internal function]: MenuCategoriesController->home()
#8 C:\cake\cakephp-cake2.4\lib\Cake\Controller\Controller.php(490): ReflectionMethod->invokeArgs(Object(MenuCategoriesController), Array)
#9 C:\cake\cakephp-cake2.4\lib\Cake\Routing\Dispatcher.php(187): Controller->invokeAction(Object(CakeRequest))
#10 C:\cake\cakephp-cake2.4\lib\Cake\Routing\Dispatcher.php(162): Dispatcher->_invoke(Object(MenuCategoriesController), Object(CakeRequest), Object(CakeResponse))
#11 C:\xampp\htdocs\Salvatores\webroot\index.php(110): Dispatcher->dispatch(Object(CakeRequest), Object(CakeResponse))
#12 {main}
2013-11-20 15:24:21 Error: [PDOException] SQLSTATE[23000]: Integrity constraint violation: 1052 Column 'order' in order clause is ambiguous
Request URL: /Salvatores/menu_categories/home
Stack Trace:
#0 C:\cake\cakephp-cake2.4\lib\Cake\Model\Datasource\DboSource.php(460): PDOStatement->execute(Array)
#1 C:\cake\cakephp-cake2.4\lib\Cake\Model\Datasource\DboSource.php(426): DboSource->_execute('SELECT `MenuCat...', Array)
#2 C:\cake\cakephp-cake2.4\lib\Cake\Model\Datasource\DboSource.php(666): DboSource->execute('SELECT `MenuCat...', Array, Array)
#3 C:\cake\cakephp-cake2.4\lib\Cake\Model\Datasource\DboSource.php(1077): DboSource->fetchAll('SELECT `MenuCat...', false)
#4 C:\cake\cakephp-cake2.4\lib\Cake\Model\Model.php(2750): DboSource->read(Object(MenuCategory), Array)
#5 C:\cake\cakephp-cake2.4\lib\Cake\Model\Model.php(2722): Model->_readDataSource('all', Array)
#6 C:\xampp\htdocs\Salvatores\Controller\MenuCategoriesController.php(20): Model->find('all', Array)
#7 [internal function]: MenuCategoriesController->home()
#8 C:\cake\cakephp-cake2.4\lib\Cake\Controller\Controller.php(490): ReflectionMethod->invokeArgs(Object(MenuCategoriesController), Array)
#9 C:\cake\cakephp-cake2.4\lib\Cake\Routing\Dispatcher.php(187): Controller->invokeAction(Object(CakeRequest))
#10 C:\cake\cakephp-cake2.4\lib\Cake\Routing\Dispatcher.php(162): Dispatcher->_invoke(Object(MenuCategoriesController), Object(CakeRequest), Object(CakeResponse))
#11 C:\xampp\htdocs\Salvatores\webroot\index.php(110): Dispatcher->dispatch(Object(CakeRequest), Object(CakeResponse))
#12 {main}
2013-11-20 15:33:31 Error: [MissingControllerException] Controller class CssController could not be found.
Exception Attributes: array (
  'class' => 'CssController',
  'plugin' => NULL,
)
Request URL: /Salvatores/css/cake.customer.css
Stack Trace:
#0 C:\xampp\htdocs\Salvatores\webroot\index.php(110): Dispatcher->dispatch(Object(CakeRequest), Object(CakeResponse))
#1 {main}
2013-11-20 15:33:46 Error: [MissingControllerException] Controller class CssController could not be found.
Exception Attributes: array (
  'class' => 'CssController',
  'plugin' => NULL,
)
Request URL: /Salvatores/css/cake.customer.css
Stack Trace:
#0 C:\xampp\htdocs\Salvatores\webroot\index.php(110): Dispatcher->dispatch(Object(CakeRequest), Object(CakeResponse))
#1 {main}
2013-11-20 15:34:16 Error: [MissingControllerException] Controller class CssController could not be found.
Exception Attributes: array (
  'class' => 'CssController',
  'plugin' => NULL,
)
Request URL: /Salvatores/css/cake.customer.css
Stack Trace:
#0 C:\xampp\htdocs\Salvatores\webroot\index.php(110): Dispatcher->dispatch(Object(CakeRequest), Object(CakeResponse))
#1 {main}
2013-11-20 15:57:19 Error: [PDOException] SQLSTATE[23000]: Integrity constraint violation: 1052 Column 'parent_id' in where clause is ambiguous
Request URL: /Salvatores/menu_categories/menu/1
Stack Trace:
#0 C:\cake\cakephp-cake2.4\lib\Cake\Model\Datasource\DboSource.php(460): PDOStatement->execute(Array)
#1 C:\cake\cakephp-cake2.4\lib\Cake\Model\Datasource\DboSource.php(426): DboSource->_execute('SELECT `MenuCat...', Array)
#2 C:\cake\cakephp-cake2.4\lib\Cake\Model\Datasource\DboSource.php(666): DboSource->execute('SELECT `MenuCat...', Array, Array)
#3 C:\cake\cakephp-cake2.4\lib\Cake\Model\Datasource\DboSource.php(1077): DboSource->fetchAll('SELECT `MenuCat...', false)
#4 C:\cake\cakephp-cake2.4\lib\Cake\Model\Model.php(2750): DboSource->read(Object(MenuCategory), Array)
#5 C:\cake\cakephp-cake2.4\lib\Cake\Model\Model.php(2722): Model->_readDataSource('all', Array)
#6 C:\xampp\htdocs\Salvatores\Controller\MenuCategoriesController.php(31): Model->find('all', Array)
#7 [internal function]: MenuCategoriesController->menu('1')
#8 C:\cake\cakephp-cake2.4\lib\Cake\Controller\Controller.php(490): ReflectionMethod->invokeArgs(Object(MenuCategoriesController), Array)
#9 C:\cake\cakephp-cake2.4\lib\Cake\Routing\Dispatcher.php(187): Controller->invokeAction(Object(CakeRequest))
#10 C:\cake\cakephp-cake2.4\lib\Cake\Routing\Dispatcher.php(162): Dispatcher->_invoke(Object(MenuCategoriesController), Object(CakeRequest), Object(CakeResponse))
#11 C:\xampp\htdocs\Salvatores\webroot\index.php(110): Dispatcher->dispatch(Object(CakeRequest), Object(CakeResponse))
#12 {main}
